<?xml version="1.0" encoding="UTF-8"?>
<!-- Generated by org.testng.reporters.JUnitReportReporter -->
<testsuite hostname="DESKTOP-Q4K0C5S" failures="0" tests="2" name="testCases.TC002_LoginTest" time="13.626" errors="0" timestamp="2025-03-09T17:20:52 IST" skipped="0">
  <testcase classname="testCases.TC002_LoginTest" name="verify_login" time="5.573"/>
  <testcase classname="testCases.TC002_LoginTest" name="verify_login" time="8.053"/>
</testsuite> <!-- testCases.TC002_LoginTest -->
