<?xml version="1.0" encoding="UTF-8"?>
<!-- Generated by org.testng.reporters.JUnitReportReporter -->
<testsuite hostname="DESKTOP-Q4K0C5S" failures="0" tests="2" name="testCases.TC001_AccountRegistrationTest" time="11.794" errors="0" timestamp="2025-03-09T17:20:52 IST" skipped="0">
  <testcase classname="testCases.TC001_AccountRegistrationTest" name="createObject" time="6.592"/>
  <testcase classname="testCases.TC001_AccountRegistrationTest" name="createObject" time="5.202"/>
</testsuite> <!-- testCases.TC001_AccountRegistrationTest -->
