<?xml version="1.0" encoding="UTF-8"?>
<!-- Generated by org.testng.reporters.JUnitReportReporter -->
<testsuite hostname="DESKTOP-Q4K0C5S" failures="0" tests="1" name="testCases.TC002_LoginTest" time="2.198" errors="0" timestamp="2025-03-10T11:41:42 IST" skipped="0">
  <testcase classname="testCases.TC002_LoginTest" name="verify_login" time="2.198"/>
</testsuite> <!-- testCases.TC002_LoginTest -->
