<?xml version="1.0" encoding="UTF-8"?>
<!-- Generated by org.testng.reporters.JUnitReportReporter -->
<testsuite hostname="DESKTOP-Q4K0C5S" failures="0" tests="1" name="testCases.TC001_AccountRegistrationTest" time="4.193" errors="0" timestamp="2025-03-10T11:41:42 IST" skipped="0">
  <testcase classname="testCases.TC001_AccountRegistrationTest" name="createObject" time="4.193"/>
</testsuite> <!-- testCases.TC001_AccountRegistrationTest -->
